#
# A fatal error has been detected by the Java Runtime Environment:
#
#  Internal Error (jvmciRuntime.cpp:1630), pid=104328, tid=46436
#  fatal error: Fatal exception in JVMCI: Exception during JVMCI compiler initialization
#
# JRE version: Java(TM) SE Runtime Environment Oracle GraalVM 17.0.10+11.1 (17.0.10+11) (build 17.0.10+11-LTS-jvmci-23.0-b27)
# Java VM: Java HotSpot(TM) 64-Bit Server VM Oracle GraalVM 17.0.10+11.1 (17.0.10+11-LTS-jvmci-23.0-b27, mixed mode, sharing, tiered, jvmci, jvmci compiler, compressed oops, compressed class ptrs, g1 gc, windows-amd64)
# No core dump will be written. Minidumps are not enabled by default on client versions of Windows
#
# If you would like to submit a bug report, please visit:
#   https://bugreport.java.com/bugreport/crash.jsp
#

---------------  S U M M A R Y ------------

Command Line: -XX:ThreadPriorityPolicy=1 -XX:+UnlockExperimentalVMOptions -XX:+EnableJVMCIProduct -XX:-UnlockExperimentalVMOptions --add-opens=java.base/java.util=ALL-UNNAMED --add-opens=java.base/java.lang=ALL-UNNAMED --add-opens=java.base/java.lang.invoke=ALL-UNNAMED --add-opens=java.prefs/java.util.prefs=ALL-UNNAMED --add-exports=jdk.compiler/com.sun.tools.javac.api=ALL-UNNAMED --add-exports=jdk.compiler/com.sun.tools.javac.util=ALL-UNNAMED --add-opens=java.base/java.nio.charset=ALL-UNNAMED --add-opens=java.base/java.net=ALL-UNNAMED --add-opens=java.base/java.util.concurrent.atomic=ALL-UNNAMED -Xmx8G -Dfile.encoding=UTF-8 -Duser.country=CN -Duser.language=zh -Duser.variant -javaagent:D:\projects\.gradle\wrapper\dists\gradle-8.10-bin\deqhafrv1ntovfmgh0nh3npr9\gradle-8.10\lib\agents\gradle-instrumentation-agent-8.10.jar org.gradle.launcher.daemon.bootstrap.GradleDaemon 8.10

Host: AMD Ryzen 7 5800H with Radeon Graphics         , 16 cores, 63G,  Windows 11 , 64 bit Build 22000 (10.0.22000.2538)
Time: Mon Jul 14 21:50:52 2025  Windows 11 , 64 bit Build 22000 (10.0.22000.2538) elapsed time: 368.514134 seconds (0d 0h 6m 8s)

---------------  T H R E A D  ---------------

Current thread (0x000001b406d4f1d0):  JavaThread "JVMCI-native CompilerThread1" daemon [_thread_in_vm, id=46436, stack(0x0000002227b00000,0x0000002227c00000)]


Current CompileTask:
JVMCI-native: 368514 13830 %     4       com.sun.org.apache.xerces.internal.impl.XMLDocumentFragmentScannerImpl::scanDocument @ 13 (346 bytes)

Stack: [0x0000002227b00000,0x0000002227c00000]
Native frames: (J=compiled Java code, j=interpreted, Vv=VM code, C=native code)
V  [jvm.dll+0x66d22a]
V  [jvm.dll+0x7cdafe]
V  [jvm.dll+0x7cf49e]
V  [jvm.dll+0x24550b]
V  [jvm.dll+0x4b1eea]
V  [jvm.dll+0x226d4b]
V  [jvm.dll+0x22514e]
V  [jvm.dll+0x783c2c]
V  [jvm.dll+0x77e05a]
V  [jvm.dll+0x66c105]
C  [ucrtbase.dll+0x26c0c]
C  [KERNEL32.DLL+0x153e0]
C  [ntdll.dll+0x485b]


---------------  P R O C E S S  ---------------

Threads class SMR info:
_java_thread_list=0x000001b4026731d0, length=93, elements={
0x000001b4243b6fc0, 0x000001b4555f8790, 0x000001b4555f9520, 0x000001b455614a80,
0x000001b455616450, 0x000001b455616e10, 0x000001b4556177d0, 0x000001b455618640,
0x000001b497128090, 0x000001b497130aa0, 0x000001b4555e10f0, 0x000001b497366890,
0x000001b400e0adb0, 0x000001b4973fde60, 0x000001b400e940d0, 0x000001b400f13380,
0x000001b400f5db80, 0x000001b400f835c0, 0x000001b400f844f0, 0x000001b400f81760,
0x000001b400f82690, 0x000001b400f82ba0, 0x000001b401a77c70, 0x000001b401a744c0,
0x000001b401a73fb0, 0x000001b401a76320, 0x000001b401a7a4f0, 0x000001b401a74ee0,
0x000001b401a75e10, 0x000001b401a73aa0, 0x000001b402846680, 0x000001b402840b60,
0x000001b402847ac0, 0x000001b402846b90, 0x000001b402f2d450, 0x000001b4032903a0,
0x000001b403292200, 0x000001b40328e030, 0x000001b406d53190, 0x000001b406d4ec80,
0x000001b402d51fc0, 0x000001b402d4ed20, 0x000001b402d4c9b0, 0x000001b402d4d3d0,
0x000001b402d524d0, 0x000001b402d4f740, 0x000001b402d4b060, 0x000001b402d4f230,
0x000001b402d50670, 0x000001b402d529e0, 0x000001b402d51090, 0x000001b402d4e810,
0x000001b402d4cec0, 0x000001b402d515a0, 0x000001b402d4d8e0, 0x000001b402d4fc50,
0x000001b402d4b570, 0x000001b402d4ba80, 0x000001b402d4c4a0, 0x000001b402d4e300,
0x000001b402d50160, 0x000001b402f2a6c0, 0x000001b402f2b0e0, 0x000001b402f29790,
0x000001b402f2e380, 0x000001b402f28d70, 0x000001b402f29280, 0x000001b402f28350,
0x000001b402f27e40, 0x000001b402f2b5f0, 0x000001b402f29ca0, 0x000001b402f2e890,
0x000001b402f27420, 0x000001b402f2a1b0, 0x000001b402f2bb00, 0x000001b402f2c010,
0x000001b402f2eda0, 0x000001b402f2d960, 0x000001b402f2ca30, 0x000001b402f2de70,
0x000001b402f27930, 0x000001b40328b7b0, 0x000001b40328bcc0, 0x000001b40328ea50,
0x000001b406d4f1d0, 0x000001b4032917e0, 0x000001b40328b2a0, 0x000001b40328ef60,
0x000001b4032908b0, 0x000001b40328fe90, 0x000001b40328f980, 0x000001b40328cbf0,
0x000001b4032912d0
}

Java Threads: ( => current thread )
  0x000001b4243b6fc0 JavaThread "main" [_thread_blocked, id=119572, stack(0x0000002221900000,0x0000002221a00000)]
  0x000001b4555f8790 JavaThread "Reference Handler" daemon [_thread_blocked, id=117384, stack(0x0000002222000000,0x0000002222100000)]
  0x000001b4555f9520 JavaThread "Finalizer" daemon [_thread_blocked, id=115976, stack(0x0000002222100000,0x0000002222200000)]
  0x000001b455614a80 JavaThread "Signal Dispatcher" daemon [_thread_blocked, id=12588, stack(0x0000002222200000,0x0000002222300000)]
  0x000001b455616450 JavaThread "Attach Listener" daemon [_thread_blocked, id=71520, stack(0x0000002222300000,0x0000002222400000)]
  0x000001b455616e10 JavaThread "Service Thread" daemon [_thread_blocked, id=107452, stack(0x0000002222400000,0x0000002222500000)]
  0x000001b4556177d0 JavaThread "Monitor Deflation Thread" daemon [_thread_blocked, id=114576, stack(0x0000002222500000,0x0000002222600000)]
  0x000001b455618640 JavaThread "JVMCI-native CompilerThread0" daemon [_thread_in_native, id=113280, stack(0x0000002222600000,0x0000002222700000)]
  0x000001b497128090 JavaThread "C1 CompilerThread0" daemon [_thread_blocked, id=103312, stack(0x0000002222700000,0x0000002222800000)]
  0x000001b497130aa0 JavaThread "Sweeper thread" daemon [_thread_blocked, id=106520, stack(0x0000002222800000,0x0000002222900000)]
  0x000001b4555e10f0 JavaThread "Common-Cleaner" daemon [_thread_blocked, id=102656, stack(0x0000002222900000,0x0000002222a00000)]
  0x000001b497366890 JavaThread "Notification Thread" daemon [_thread_blocked, id=114208, stack(0x0000002222c00000,0x0000002222d00000)]
  0x000001b400e0adb0 JavaThread "Daemon health stats" [_thread_blocked, id=14012, stack(0x0000002224000000,0x0000002224100000)]
  0x000001b4973fde60 JavaThread "Incoming local TCP Connector on port 12647" [_thread_in_native, id=118048, stack(0x0000002222f00000,0x0000002223000000)]
  0x000001b400e940d0 JavaThread "Daemon periodic checks" [_thread_blocked, id=107880, stack(0x0000002224100000,0x0000002224200000)]
  0x000001b400f13380 JavaThread "Daemon" [_thread_blocked, id=113784, stack(0x0000002224200000,0x0000002224300000)]
  0x000001b400f5db80 JavaThread "Daemon worker" [_thread_blocked, id=119024, stack(0x0000002224500000,0x0000002224600000)]
  0x000001b400f835c0 JavaThread "Cache worker for journal cache (D:\projects\.gradle\caches\journal-1)" [_thread_blocked, id=87792, stack(0x0000002224900000,0x0000002224a00000)]
  0x000001b400f844f0 JavaThread "File lock request listener" [_thread_in_native, id=83848, stack(0x0000002224a00000,0x0000002224b00000)]
  0x000001b400f81760 JavaThread "Cache worker for file hash cache (D:\projects\.gradle\caches\8.10\fileHashes)" [_thread_blocked, id=119260, stack(0x0000002224b00000,0x0000002224c00000)]
  0x000001b400f82690 JavaThread "File watcher server" daemon [_thread_in_native, id=112000, stack(0x0000002225000000,0x0000002225100000)]
  0x000001b400f82ba0 JavaThread "File watcher consumer" daemon [_thread_blocked, id=117936, stack(0x0000002225100000,0x0000002225200000)]
  0x000001b401a77c70 JavaThread "Cache worker for file content cache (D:\projects\.gradle\caches\8.10\fileContent)" [_thread_blocked, id=108280, stack(0x0000002225300000,0x0000002225400000)]
  0x000001b401a744c0 JavaThread "jar transforms" [_thread_blocked, id=92656, stack(0x0000002225600000,0x0000002225700000)]
  0x000001b401a73fb0 JavaThread "jar transforms Thread 2" [_thread_blocked, id=119688, stack(0x0000002225700000,0x0000002225800000)]
  0x000001b401a76320 JavaThread "jar transforms Thread 3" [_thread_blocked, id=115404, stack(0x0000002225900000,0x0000002225a00000)]
  0x000001b401a7a4f0 JavaThread "jar transforms Thread 4" [_thread_blocked, id=113360, stack(0x0000002225a00000,0x0000002225b00000)]
  0x000001b401a74ee0 JavaThread "jar transforms Thread 5" [_thread_blocked, id=112040, stack(0x0000002225b00000,0x0000002225c00000)]
  0x000001b401a75e10 JavaThread "jar transforms Thread 6" [_thread_blocked, id=104560, stack(0x0000002225c00000,0x0000002225d00000)]
  0x000001b401a73aa0 JavaThread "jar transforms Thread 7" [_thread_blocked, id=117584, stack(0x0000002225d00000,0x0000002225e00000)]
  0x000001b402846680 JavaThread "Memory manager" [_thread_blocked, id=106228, stack(0x0000002223100000,0x0000002223200000)]
  0x000001b402840b60 JavaThread "jar transforms Thread 8" [_thread_blocked, id=97876, stack(0x0000002223300000,0x0000002223400000)]
  0x000001b402847ac0 JavaThread "jar transforms Thread 9" [_thread_blocked, id=106404, stack(0x0000002225800000,0x0000002225900000)]
  0x000001b402846b90 JavaThread "jar transforms Thread 10" [_thread_blocked, id=99096, stack(0x0000002228b00000,0x0000002228c00000)]
  0x000001b402f2d450 JavaThread "included builds" [_thread_blocked, id=116140, stack(0x000000222a700000,0x000000222a800000)]
  0x000001b4032903a0 JavaThread "Exec process" [_thread_blocked, id=116912, stack(0x000000222d800000,0x000000222d900000)]
  0x000001b403292200 JavaThread "Exec process Thread 2" [_thread_blocked, id=119220, stack(0x000000222d900000,0x000000222da00000)]
  0x000001b40328e030 JavaThread "Exec process Thread 3" [_thread_blocked, id=116392, stack(0x000000222da00000,0x000000222db00000)]
  0x000001b406d53190 JavaThread "C1 CompilerThread1" daemon [_thread_blocked, id=111276, stack(0x0000002221700000,0x0000002221800000)]
  0x000001b406d4ec80 JavaThread "C1 CompilerThread2" daemon [_thread_blocked, id=107480, stack(0x0000002221800000,0x0000002221900000)]
  0x000001b402d51fc0 JavaThread "VFS cleanup" [_thread_blocked, id=109360, stack(0x0000002222e00000,0x0000002222f00000)]
  0x000001b402d4ed20 JavaThread "Handler for socket connection from /127.0.0.1:12647 to /127.0.0.1:12750" [_thread_in_native, id=114916, stack(0x0000002223000000,0x0000002223100000)]
  0x000001b402d4c9b0 JavaThread "Cancel handler" [_thread_blocked, id=110244, stack(0x0000002223200000,0x0000002223300000)]
  0x000001b402d4d3d0 JavaThread "Asynchronous log dispatcher for DefaultDaemonConnection: socket connection from /127.0.0.1:12647 to /127.0.0.1:12750" [_thread_blocked, id=116784, stack(0x0000002222a00000,0x0000002222b00000)]
  0x000001b402d524d0 JavaThread "Stdin handler" [_thread_blocked, id=97352, stack(0x0000002222b00000,0x0000002222c00000)]
  0x000001b402d4f740 JavaThread "Daemon client event forwarder" [_thread_blocked, id=118436, stack(0x0000002224300000,0x0000002224400000)]
  0x000001b402d4b060 JavaThread "Cache worker for file hash cache (D:\projects\GTSECore4\.gradle\8.10\fileHashes)" [_thread_blocked, id=86208, stack(0x0000002224400000,0x0000002224500000)]
  0x000001b402d4f230 JavaThread "Cache worker for Build Output Cleanup Cache (D:\projects\GTSECore4\.gradle\buildOutputCleanup)" [_thread_blocked, id=113824, stack(0x0000002224600000,0x0000002224700000)]
  0x000001b402d50670 JavaThread "Cache worker for checksums cache (D:\projects\GTSECore4\.gradle\8.10\checksums)" [_thread_blocked, id=117260, stack(0x0000002224c00000,0x0000002224d00000)]
  0x000001b402d529e0 JavaThread "Cache worker for cache directory md-rule (D:\projects\.gradle\caches\8.10\md-rule)" [_thread_blocked, id=89764, stack(0x0000002224d00000,0x0000002224e00000)]
  0x000001b402d51090 JavaThread "Cache worker for cache directory md-supplier (D:\projects\.gradle\caches\8.10\md-supplier)" [_thread_blocked, id=55396, stack(0x0000002225200000,0x0000002225300000)]
  0x000001b402d4e810 JavaThread "Unconstrained build operations" [_thread_blocked, id=112600, stack(0x0000002225400000,0x0000002225500000)]
  0x000001b402d4cec0 JavaThread "Unconstrained build operations Thread 2" [_thread_blocked, id=92808, stack(0x0000002225500000,0x0000002225600000)]
  0x000001b402d515a0 JavaThread "Unconstrained build operations Thread 3" [_thread_blocked, id=111292, stack(0x0000002225e00000,0x0000002225f00000)]
  0x000001b402d4d8e0 JavaThread "Unconstrained build operations Thread 4" [_thread_blocked, id=115932, stack(0x0000002225f00000,0x0000002226000000)]
  0x000001b402d4fc50 JavaThread "Unconstrained build operations Thread 5" [_thread_blocked, id=115860, stack(0x0000002226000000,0x0000002226100000)]
  0x000001b402d4b570 JavaThread "Unconstrained build operations Thread 6" [_thread_blocked, id=105860, stack(0x0000002226100000,0x0000002226200000)]
  0x000001b402d4ba80 JavaThread "Unconstrained build operations Thread 7" [_thread_blocked, id=109448, stack(0x0000002226200000,0x0000002226300000)]
  0x000001b402d4c4a0 JavaThread "Unconstrained build operations Thread 8" [_thread_blocked, id=92416, stack(0x0000002226300000,0x0000002226400000)]
  0x000001b402d4e300 JavaThread "Unconstrained build operations Thread 9" [_thread_blocked, id=68852, stack(0x0000002226400000,0x0000002226500000)]
  0x000001b402d50160 JavaThread "Unconstrained build operations Thread 10" [_thread_blocked, id=117884, stack(0x0000002226500000,0x0000002226600000)]
  0x000001b402f2a6c0 JavaThread "Unconstrained build operations Thread 11" [_thread_blocked, id=57096, stack(0x0000002226600000,0x0000002226700000)]
  0x000001b402f2b0e0 JavaThread "Unconstrained build operations Thread 12" [_thread_blocked, id=91960, stack(0x0000002226700000,0x0000002226800000)]
  0x000001b402f29790 JavaThread "Unconstrained build operations Thread 13" [_thread_blocked, id=119512, stack(0x0000002226800000,0x0000002226900000)]
  0x000001b402f2e380 JavaThread "Unconstrained build operations Thread 14" [_thread_blocked, id=88536, stack(0x0000002226900000,0x0000002226a00000)]
  0x000001b402f28d70 JavaThread "Unconstrained build operations Thread 15" [_thread_blocked, id=8940, stack(0x0000002226a00000,0x0000002226b00000)]
  0x000001b402f29280 JavaThread "Unconstrained build operations Thread 16" [_thread_blocked, id=92772, stack(0x0000002226b00000,0x0000002226c00000)]
  0x000001b402f28350 JavaThread "Unconstrained build operations Thread 17" [_thread_blocked, id=115732, stack(0x0000002226c00000,0x0000002226d00000)]
  0x000001b402f27e40 JavaThread "Unconstrained build operations Thread 18" [_thread_blocked, id=118352, stack(0x0000002226d00000,0x0000002226e00000)]
  0x000001b402f2b5f0 JavaThread "Unconstrained build operations Thread 19" [_thread_blocked, id=112428, stack(0x0000002226e00000,0x0000002226f00000)]
  0x000001b402f29ca0 JavaThread "Unconstrained build operations Thread 20" [_thread_blocked, id=118380, stack(0x0000002226f00000,0x0000002227000000)]
  0x000001b402f2e890 JavaThread "Unconstrained build operations Thread 21" [_thread_blocked, id=110704, stack(0x0000002227000000,0x0000002227100000)]
  0x000001b402f27420 JavaThread "Unconstrained build operations Thread 22" [_thread_blocked, id=106680, stack(0x0000002227100000,0x0000002227200000)]
  0x000001b402f2a1b0 JavaThread "Unconstrained build operations Thread 23" [_thread_blocked, id=110972, stack(0x0000002227200000,0x0000002227300000)]
  0x000001b402f2bb00 JavaThread "Unconstrained build operations Thread 24" [_thread_blocked, id=109656, stack(0x0000002227300000,0x0000002227400000)]
  0x000001b402f2c010 JavaThread "Unconstrained build operations Thread 25" [_thread_blocked, id=110224, stack(0x0000002227400000,0x0000002227500000)]
  0x000001b402f2eda0 JavaThread "Unconstrained build operations Thread 26" [_thread_blocked, id=119152, stack(0x0000002227500000,0x0000002227600000)]
  0x000001b402f2d960 JavaThread "Unconstrained build operations Thread 27" [_thread_blocked, id=109004, stack(0x0000002227600000,0x0000002227700000)]
  0x000001b402f2ca30 JavaThread "Unconstrained build operations Thread 28" [_thread_blocked, id=115664, stack(0x0000002227700000,0x0000002227800000)]
  0x000001b402f2de70 JavaThread "Unconstrained build operations Thread 29" [_thread_blocked, id=117476, stack(0x0000002227800000,0x0000002227900000)]
  0x000001b402f27930 JavaThread "Unconstrained build operations Thread 30" [_thread_blocked, id=67452, stack(0x0000002227900000,0x0000002227a00000)]
  0x000001b40328b7b0 JavaThread "File lock release action executor Thread 2" [_thread_blocked, id=85624, stack(0x0000002227a00000,0x0000002227b00000)]
  0x000001b40328bcc0 JavaThread "Keep-Alive-Timer" daemon [_thread_blocked, id=119460, stack(0x0000002224700000,0x0000002224800000)]
  0x000001b40328ea50 JavaThread "build event listener" [_thread_blocked, id=111880, stack(0x0000002224800000,0x0000002224900000)]
=>0x000001b406d4f1d0 JavaThread "JVMCI-native CompilerThread1" daemon [_thread_in_vm, id=46436, stack(0x0000002227b00000,0x0000002227c00000)]
  0x000001b4032917e0 JavaThread "Unconstrained build operations Thread 31" [_thread_blocked, id=9740, stack(0x0000002227c00000,0x0000002227d00000)]
  0x000001b40328b2a0 JavaThread "Unconstrained build operations Thread 32" [_thread_blocked, id=115248, stack(0x0000002227d00000,0x0000002227e00000)]
  0x000001b40328ef60 JavaThread "Unconstrained build operations Thread 33" [_thread_blocked, id=118856, stack(0x0000002227e00000,0x0000002227f00000)]
  0x000001b4032908b0 JavaThread "Unconstrained build operations Thread 34" [_thread_blocked, id=115652, stack(0x0000002227f00000,0x0000002228000000)]
  0x000001b40328fe90 JavaThread "Unconstrained build operations Thread 35" [_thread_blocked, id=92372, stack(0x0000002228000000,0x0000002228100000)]
  0x000001b40328f980 JavaThread "Unconstrained build operations Thread 36" [_thread_blocked, id=117208, stack(0x0000002228100000,0x0000002228200000)]
  0x000001b40328cbf0 JavaThread "Unconstrained build operations Thread 37" [_thread_blocked, id=13520, stack(0x0000002228200000,0x0000002228300000)]
  0x000001b4032912d0 JavaThread "Unconstrained build operations Thread 38" [_thread_blocked, id=117824, stack(0x0000002228300000,0x0000002228400000)]

Other Threads:
  0x000001b49711e410 VMThread "VM Thread" [stack: 0x0000002221f00000,0x0000002222000000] [id=52840]
  0x000001b42427e0a0 WatcherThread [stack: 0x0000002222d00000,0x0000002222e00000] [id=91408]
  0x000001b42427b000 GCTaskThread "GC Thread#0" [stack: 0x0000002221a00000,0x0000002221b00000] [id=118528]
  0x000001b4003d7010 GCTaskThread "GC Thread#1" [stack: 0x0000002223400000,0x0000002223500000] [id=118820]
  0x000001b4003d7ef0 GCTaskThread "GC Thread#2" [stack: 0x0000002223500000,0x0000002223600000] [id=117888]
  0x000001b4003d81b0 GCTaskThread "GC Thread#3" [stack: 0x0000002223600000,0x0000002223700000] [id=115760]
  0x000001b4003dcf30 GCTaskThread "GC Thread#4" [stack: 0x0000002223700000,0x0000002223800000] [id=119404]
  0x000001b4003dd1f0 GCTaskThread "GC Thread#5" [stack: 0x0000002223800000,0x0000002223900000] [id=97700]
  0x000001b4003de060 GCTaskThread "GC Thread#6" [stack: 0x0000002223900000,0x0000002223a00000] [id=112044]
  0x000001b4003ef6b0 GCTaskThread "GC Thread#7" [stack: 0x0000002223a00000,0x0000002223b00000] [id=104676]
  0x000001b4003f7d50 GCTaskThread "GC Thread#8" [stack: 0x0000002223b00000,0x0000002223c00000] [id=111504]
  0x000001b4003fc3f0 GCTaskThread "GC Thread#9" [stack: 0x0000002223c00000,0x0000002223d00000] [id=98340]
  0x000001b4003ff6b0 GCTaskThread "GC Thread#10" [stack: 0x0000002223d00000,0x0000002223e00000] [id=100308]
  0x000001b400400150 GCTaskThread "GC Thread#11" [stack: 0x0000002223e00000,0x0000002223f00000] [id=105904]
  0x000001b400406c50 GCTaskThread "GC Thread#12" [stack: 0x0000002223f00000,0x0000002224000000] [id=116800]
  0x000001b424478210 ConcurrentGCThread "G1 Main Marker" [stack: 0x0000002221b00000,0x0000002221c00000] [id=111076]
  0x000001b4244793c0 ConcurrentGCThread "G1 Conc#0" [stack: 0x0000002221c00000,0x0000002221d00000] [id=115472]
  0x000001b4014cb0f0 ConcurrentGCThread "G1 Conc#1" [stack: 0x0000002224e00000,0x0000002224f00000] [id=114224]
  0x000001b4014cae30 ConcurrentGCThread "G1 Conc#2" [stack: 0x0000002224f00000,0x0000002225000000] [id=111288]
  0x000001b455587110 ConcurrentGCThread "G1 Refine#0" [stack: 0x0000002221d00000,0x0000002221e00000] [id=118264]
  0x000001b40276bef0 ConcurrentGCThread "G1 Refine#1" [stack: 0x000000222b800000,0x000000222b900000] [id=111476]
  0x000001b4030dac30 ConcurrentGCThread "G1 Refine#2" [stack: 0x000000222b900000,0x000000222ba00000] [id=82896]
  0x000001b402751ba0 ConcurrentGCThread "G1 Refine#3" [stack: 0x000000222ba00000,0x000000222bb00000] [id=105556]
  0x000001b40276a900 ConcurrentGCThread "G1 Refine#4" [stack: 0x000000222bb00000,0x000000222bc00000] [id=2568]
  0x000001b400310850 ConcurrentGCThread "G1 Refine#5" [stack: 0x000000222bc00000,0x000000222bd00000] [id=17300]
  0x000001b402918a10 ConcurrentGCThread "G1 Refine#6" [stack: 0x000000222bd00000,0x000000222be00000] [id=86552]
  0x000001b4027518b0 ConcurrentGCThread "G1 Refine#7" [stack: 0x000000222be00000,0x000000222bf00000] [id=115988]
  0x000001b403234bf0 ConcurrentGCThread "G1 Refine#8" [stack: 0x000000222bf00000,0x000000222c000000] [id=116948]
  0x000001b40276c630 ConcurrentGCThread "G1 Refine#9" [stack: 0x000000222c000000,0x000000222c100000] [id=105520]
  0x000001b4030e8150 ConcurrentGCThread "G1 Refine#10" [stack: 0x000000222c100000,0x000000222c200000] [id=119364]
  0x000001b40276c1e0 ConcurrentGCThread "G1 Refine#11" [stack: 0x000000222d100000,0x000000222d200000] [id=115640]
  0x000001b4029370d0 ConcurrentGCThread "G1 Refine#12" [stack: 0x000000222d200000,0x000000222d300000] [id=61780]
  0x000001b455587b40 ConcurrentGCThread "G1 Service" [stack: 0x0000002221e00000,0x0000002221f00000] [id=119428]

Threads with active compile tasks:
JVMCI-native CompilerThread0   368627 13832       4       com.sun.org.apache.xerces.internal.dom.NamedNodeMapImpl::setNamedItem (157 bytes)
JVMCI-native CompilerThread1   368627 13830 %     4       com.sun.org.apache.xerces.internal.impl.XMLDocumentFragmentScannerImpl::scanDocument @ 13 (346 bytes)

VM state: not at safepoint (normal execution)

VM Mutex/Monitor currently owned by a thread: None

Heap address: 0x0000000600000000, size: 8192 MB, Compressed Oops mode: Zero based, Oop shift amount: 3

CDS archive(s) mapped at: [0x000001b456000000-0x000001b456bd0000-0x000001b456bd0000), size 12386304, SharedBaseAddress: 0x000001b456000000, ArchiveRelocationMode: 1.
Compressed class space mapped at: 0x000001b457000000-0x000001b497000000, reserved size: 1073741824
Narrow klass base: 0x000001b456000000, Narrow klass shift: 0, Narrow klass range: 0x100000000

GC Precious Log:
 CPUs: 16 total, 16 available
 Memory: 65388M
 Large Page Support: Disabled
 NUMA Support: Disabled
 Compressed Oops: Enabled (Zero based)
 Heap Region Size: 4M
 Heap Min Capacity: 8M
 Heap Initial Capacity: 1G
 Heap Max Capacity: 8G
 Pre-touch: Disabled
 Parallel Workers: 13
 Concurrent Workers: 3
 Concurrent Refinement Workers: 13
 Periodic GC: Disabled

Heap:
 garbage-first heap   total 602112K, used 220981K [0x0000000600000000, 0x0000000800000000)
  region size 4096K, 9 young (36864K), 1 survivors (4096K)
 Metaspace       used 75616K, committed 76544K, reserved 1179648K
  class space    used 10018K, committed 10432K, reserved 1048576K

Heap Regions: E=young(eden), S=young(survivor), O=old, HS=humongous(starts), HC=humongous(continues), CS=collection set, F=free, OA=open archive, CA=closed archive, TAMS=top-at-mark-start (previous, next)
|   0|0x0000000600000000, 0x0000000600400000, 0x0000000600400000|100%|HS|  |TAMS 0x0000000600400000, 0x0000000600000000| Complete 
|   1|0x0000000600400000, 0x0000000600800000, 0x0000000600800000|100%| O|  |TAMS 0x0000000600800000, 0x0000000600400000| Untracked 
|   2|0x0000000600800000, 0x0000000600c00000, 0x0000000600c00000|100%| O|  |TAMS 0x0000000600c00000, 0x0000000600800000| Untracked 
|   3|0x0000000600c00000, 0x0000000601000000, 0x0000000601000000|100%| O|  |TAMS 0x0000000601000000, 0x0000000600c00000| Untracked 
|   4|0x0000000601000000, 0x0000000601400000, 0x0000000601400000|100%| O|  |TAMS 0x0000000601400000, 0x0000000601000000| Untracked 
|   5|0x0000000601400000, 0x0000000601800000, 0x0000000601800000|100%| O|  |TAMS 0x0000000601800000, 0x0000000601400000| Untracked 
|   6|0x0000000601800000, 0x0000000601c00000, 0x0000000601c00000|100%| O|  |TAMS 0x0000000601c00000, 0x0000000601800000| Untracked 
|   7|0x0000000601c00000, 0x0000000602000000, 0x0000000602000000|100%| O|  |TAMS 0x0000000602000000, 0x0000000601c00000| Untracked 
|   8|0x0000000602000000, 0x0000000602400000, 0x0000000602400000|100%| O|  |TAMS 0x0000000602400000, 0x0000000602000000| Untracked 
|   9|0x0000000602400000, 0x00000006027cd600, 0x0000000602800000| 95%| O|  |TAMS 0x00000006027cd600, 0x0000000602400000| Untracked 
|  10|0x0000000602800000, 0x0000000602c00000, 0x0000000602c00000|100%| O|  |TAMS 0x0000000602c00000, 0x0000000602800000| Untracked 
|  11|0x0000000602c00000, 0x0000000603000000, 0x0000000603000000|100%| O|  |TAMS 0x0000000603000000, 0x0000000602c00000| Untracked 
|  12|0x0000000603000000, 0x0000000603400000, 0x0000000603400000|100%| O|  |TAMS 0x0000000603400000, 0x0000000603000000| Untracked 
|  13|0x0000000603400000, 0x0000000603400000, 0x0000000603800000|  0%| F|  |TAMS 0x0000000603400000, 0x0000000603400000| Untracked 
|  14|0x0000000603800000, 0x0000000603c00000, 0x0000000603c00000|100%|HS|  |TAMS 0x0000000603800000, 0x0000000603800000| Complete 
|  15|0x0000000603c00000, 0x0000000603c00000, 0x0000000604000000|  0%| F|  |TAMS 0x0000000603c00000, 0x0000000603c00000| Untracked 
|  16|0x0000000604000000, 0x0000000604000000, 0x0000000604400000|  0%| F|  |TAMS 0x0000000604000000, 0x0000000604000000| Untracked 
|  17|0x0000000604400000, 0x0000000604800000, 0x0000000604800000|100%| O|  |TAMS 0x0000000604800000, 0x0000000604400000| Complete 
|  18|0x0000000604800000, 0x0000000604c00000, 0x0000000604c00000|100%|HS|  |TAMS 0x0000000604800000, 0x0000000604800000| Complete 
|  19|0x0000000604c00000, 0x0000000605000000, 0x0000000605000000|100%|HC|  |TAMS 0x0000000604c00000, 0x0000000604c00000| Complete 
|  20|0x0000000605000000, 0x0000000605400000, 0x0000000605400000|100%|HC|  |TAMS 0x0000000605000000, 0x0000000605000000| Complete 
|  21|0x0000000605400000, 0x0000000605800000, 0x0000000605800000|100%|HC|  |TAMS 0x0000000605400000, 0x0000000605400000| Complete 
|  22|0x0000000605800000, 0x0000000605c00000, 0x0000000605c00000|100%|HC|  |TAMS 0x0000000605800000, 0x0000000605800000| Complete 
|  23|0x0000000605c00000, 0x0000000606000000, 0x0000000606000000|100%|HC|  |TAMS 0x0000000605c00000, 0x0000000605c00000| Complete 
|  24|0x0000000606000000, 0x0000000606400000, 0x0000000606400000|100%| O|  |TAMS 0x0000000606400000, 0x0000000606000000| Untracked 
|  25|0x0000000606400000, 0x0000000606800000, 0x0000000606800000|100%| O|  |TAMS 0x0000000606800000, 0x0000000606400000| Untracked 
|  26|0x0000000606800000, 0x0000000606c00000, 0x0000000606c00000|100%| O|  |TAMS 0x0000000606c00000, 0x0000000606800000| Untracked 
|  27|0x0000000606c00000, 0x0000000607000000, 0x0000000607000000|100%| O|  |TAMS 0x0000000607000000, 0x0000000606c00000| Untracked 
|  28|0x0000000607000000, 0x0000000607000000, 0x0000000607400000|  0%| F|  |TAMS 0x0000000607000000, 0x0000000607000000| Untracked 
|  29|0x0000000607400000, 0x0000000607400000, 0x0000000607800000|  0%| F|  |TAMS 0x0000000607400000, 0x0000000607400000| Untracked 
|  30|0x0000000607800000, 0x0000000607800000, 0x0000000607c00000|  0%| F|  |TAMS 0x0000000607800000, 0x0000000607800000| Untracked 
|  31|0x0000000607c00000, 0x0000000607c00000, 0x0000000608000000|  0%| F|  |TAMS 0x0000000607c00000, 0x0000000607c00000| Untracked 
|  32|0x0000000608000000, 0x0000000608000000, 0x0000000608400000|  0%| F|  |TAMS 0x0000000608000000, 0x0000000608000000| Untracked 
|  33|0x0000000608400000, 0x0000000608800000, 0x0000000608800000|100%| O|  |TAMS 0x0000000608800000, 0x0000000608400000| Complete 
|  34|0x0000000608800000, 0x0000000608c00000, 0x0000000608c00000|100%| O|  |TAMS 0x0000000608c00000, 0x0000000608800000| Untracked 
|  35|0x0000000608c00000, 0x0000000609000000, 0x0000000609000000|100%| O|  |TAMS 0x0000000609000000, 0x0000000608c00000| Untracked 
|  36|0x0000000609000000, 0x0000000609400000, 0x0000000609400000|100%| O|  |TAMS 0x0000000609400000, 0x0000000609000000| Complete 
|  37|0x0000000609400000, 0x0000000609800000, 0x0000000609800000|100%| O|  |TAMS 0x0000000609800000, 0x0000000609400000| Complete 
|  38|0x0000000609800000, 0x0000000609800000, 0x0000000609c00000|  0%| F|  |TAMS 0x0000000609800000, 0x0000000609800000| Untracked 
|  39|0x0000000609c00000, 0x000000060a000000, 0x000000060a000000|100%| O|  |TAMS 0x000000060a000000, 0x0000000609c00000| Untracked 
|  40|0x000000060a000000, 0x000000060a400000, 0x000000060a400000|100%| O|  |TAMS 0x000000060a400000, 0x000000060a000000| Complete 
|  41|0x000000060a400000, 0x000000060a800000, 0x000000060a800000|100%| O|  |TAMS 0x000000060a800000, 0x000000060a400000| Complete 
|  42|0x000000060a800000, 0x000000060ac00000, 0x000000060ac00000|100%| O|  |TAMS 0x000000060ac00000, 0x000000060a800000| Untracked 
|  43|0x000000060ac00000, 0x000000060b000000, 0x000000060b000000|100%| O|  |TAMS 0x000000060b000000, 0x000000060ac00000| Complete 
|  44|0x000000060b000000, 0x000000060b000000, 0x000000060b400000|  0%| F|  |TAMS 0x000000060b000000, 0x000000060b000000| Untracked 
|  45|0x000000060b400000, 0x000000060b400000, 0x000000060b800000|  0%| F|  |TAMS 0x000000060b400000, 0x000000060b400000| Untracked 
|  46|0x000000060b800000, 0x000000060b800000, 0x000000060bc00000|  0%| F|  |TAMS 0x000000060b800000, 0x000000060b800000| Untracked 
|  47|0x000000060bc00000, 0x000000060bc00000, 0x000000060c000000|  0%| F|  |TAMS 0x000000060bc00000, 0x000000060bc00000| Untracked 
|  48|0x000000060c000000, 0x000000060c000000, 0x000000060c400000|  0%| F|  |TAMS 0x000000060c000000, 0x000000060c000000| Untracked 
|  49|0x000000060c400000, 0x000000060c400000, 0x000000060c800000|  0%| F|  |TAMS 0x000000060c400000, 0x000000060c400000| Untracked 
|  50|0x000000060c800000, 0x000000060c800000, 0x000000060cc00000|  0%| F|  |TAMS 0x000000060c800000, 0x000000060c800000| Untracked 
|  51|0x000000060cc00000, 0x000000060cc00000, 0x000000060d000000|  0%| F|  |TAMS 0x000000060cc00000, 0x000000060cc00000| Untracked 
|  52|0x000000060d000000, 0x000000060d000000, 0x000000060d400000|  0%| F|  |TAMS 0x000000060d000000, 0x000000060d000000| Untracked 
|  53|0x000000060d400000, 0x000000060d400000, 0x000000060d800000|  0%| F|  |TAMS 0x000000060d400000, 0x000000060d400000| Untracked 
|  54|0x000000060d800000, 0x000000060d800000, 0x000000060dc00000|  0%| F|  |TAMS 0x000000060d800000, 0x000000060d800000| Untracked 
|  55|0x000000060dc00000, 0x000000060dc00000, 0x000000060e000000|  0%| F|  |TAMS 0x000000060dc00000, 0x000000060dc00000| Untracked 
|  56|0x000000060e000000, 0x000000060e000000, 0x000000060e400000|  0%| F|  |TAMS 0x000000060e000000, 0x000000060e000000| Untracked 
|  57|0x000000060e400000, 0x000000060e800000, 0x000000060e800000|100%| O|  |TAMS 0x000000060e800000, 0x000000060e400000| Untracked 
|  58|0x000000060e800000, 0x000000060ec00000, 0x000000060ec00000|100%| O|  |TAMS 0x000000060ec00000, 0x000000060e800000| Complete 
|  59|0x000000060ec00000, 0x000000060f000000, 0x000000060f000000|100%| O|  |TAMS 0x000000060f000000, 0x000000060ec00000| Complete 
|  60|0x000000060f000000, 0x000000060f400000, 0x000000060f400000|100%| O|  |TAMS 0x000000060f400000, 0x000000060f000000| Complete 
|  61|0x000000060f400000, 0x000000060f800000, 0x000000060f800000|100%|HS|  |TAMS 0x000000060f400000, 0x000000060f400000| Complete 
|  62|0x000000060f800000, 0x000000060f800000, 0x000000060fc00000|  0%| F|  |TAMS 0x000000060f800000, 0x000000060f800000| Untracked 
|  63|0x000000060fc00000, 0x0000000610000000, 0x0000000610000000|100%| O|  |TAMS 0x0000000610000000, 0x000000060fc00000| Complete 
|  64|0x0000000610000000, 0x0000000610000000, 0x0000000610400000|  0%| F|  |TAMS 0x0000000610000000, 0x0000000610000000| Untracked 
|  65|0x0000000610400000, 0x0000000610400000, 0x0000000610800000|  0%| F|  |TAMS 0x0000000610400000, 0x0000000610400000| Untracked 
|  66|0x0000000610800000, 0x0000000610800000, 0x0000000610c00000|  0%| F|  |TAMS 0x0000000610800000, 0x0000000610800000| Untracked 
|  67|0x0000000610c00000, 0x0000000610c00000, 0x0000000611000000|  0%| F|  |TAMS 0x0000000610c00000, 0x0000000610c00000| Untracked 
|  68|0x0000000611000000, 0x0000000611000000, 0x0000000611400000|  0%| F|  |TAMS 0x0000000611000000, 0x0000000611000000| Untracked 
|  69|0x0000000611400000, 0x0000000611400000, 0x0000000611800000|  0%| F|  |TAMS 0x0000000611400000, 0x0000000611400000| Untracked 
|  70|0x0000000611800000, 0x0000000611800000, 0x0000000611c00000|  0%| F|  |TAMS 0x0000000611800000, 0x0000000611800000| Untracked 
|  71|0x0000000611c00000, 0x0000000611c00000, 0x0000000612000000|  0%| F|  |TAMS 0x0000000611c00000, 0x0000000611c00000| Untracked 
|  72|0x0000000612000000, 0x0000000612000000, 0x0000000612400000|  0%| F|  |TAMS 0x0000000612000000, 0x0000000612000000| Untracked 
|  73|0x0000000612400000, 0x0000000612800000, 0x0000000612800000|100%| O|  |TAMS 0x0000000612800000, 0x0000000612400000| Complete 
|  74|0x0000000612800000, 0x0000000612c00000, 0x0000000612c00000|100%| O|  |TAMS 0x0000000612c00000, 0x0000000612800000| Complete 
|  75|0x0000000612c00000, 0x0000000612c00000, 0x0000000613000000|  0%| F|  |TAMS 0x0000000612c00000, 0x0000000612c00000| Untracked 
|  76|0x0000000613000000, 0x0000000613000000, 0x0000000613400000|  0%| F|  |TAMS 0x0000000613000000, 0x0000000613000000| Untracked 
|  77|0x0000000613400000, 0x0000000613800000, 0x0000000613800000|100%| O|  |TAMS 0x0000000613800000, 0x0000000613400000| Complete 
|  78|0x0000000613800000, 0x0000000613c00000, 0x0000000613c00000|100%| O|  |TAMS 0x0000000613c00000, 0x0000000613800000| Complete 
|  79|0x0000000613c00000, 0x0000000613c00000, 0x0000000614000000|  0%| F|  |TAMS 0x0000000613c00000, 0x0000000613c00000| Untracked 
|  80|0x0000000614000000, 0x0000000614000000, 0x0000000614400000|  0%| F|  |TAMS 0x0000000614000000, 0x0000000614000000| Untracked 
|  81|0x0000000614400000, 0x0000000614400000, 0x0000000614800000|  0%| F|  |TAMS 0x0000000614400000, 0x0000000614400000| Untracked 
|  82|0x0000000614800000, 0x0000000614800000, 0x0000000614c00000|  0%| F|  |TAMS 0x0000000614800000, 0x0000000614800000| Untracked 
|  83|0x0000000614c00000, 0x0000000614c00000, 0x0000000615000000|  0%| F|  |TAMS 0x0000000614c00000, 0x0000000614c00000| Untracked 
|  84|0x0000000615000000, 0x0000000615000000, 0x0000000615400000|  0%| F|  |TAMS 0x0000000615000000, 0x0000000615000000| Untracked 
|  85|0x0000000615400000, 0x0000000615400000, 0x0000000615800000|  0%| F|  |TAMS 0x0000000615400000, 0x0000000615400000| Untracked 
|  86|0x0000000615800000, 0x0000000615800000, 0x0000000615c00000|  0%| F|  |TAMS 0x0000000615800000, 0x0000000615800000| Untracked 
|  87|0x0000000615c00000, 0x0000000615c00000, 0x0000000616000000|  0%| F|  |TAMS 0x0000000615c00000, 0x0000000615c00000| Untracked 
|  88|0x0000000616000000, 0x0000000616000000, 0x0000000616400000|  0%| F|  |TAMS 0x0000000616000000, 0x0000000616000000| Untracked 
|  89|0x0000000616400000, 0x0000000616400000, 0x0000000616800000|  0%| F|  |TAMS 0x0000000616400000, 0x0000000616400000| Untracked 
|  90|0x0000000616800000, 0x0000000616800000, 0x0000000616c00000|  0%| F|  |TAMS 0x0000000616800000, 0x0000000616800000| Untracked 
|  91|0x0000000616c00000, 0x0000000616c00000, 0x0000000617000000|  0%| F|  |TAMS 0x0000000616c00000, 0x0000000616c00000| Untracked 
|  92|0x0000000617000000, 0x0000000617000000, 0x0000000617400000|  0%| F|  |TAMS 0x0000000617000000, 0x0000000617000000| Untracked 
|  93|0x0000000617400000, 0x0000000617400000, 0x0000000617800000|  0%| F|  |TAMS 0x0000000617400000, 0x0000000617400000| Untracked 
|  94|0x0000000617800000, 0x0000000617800000, 0x0000000617c00000|  0%| F|  |TAMS 0x0000000617800000, 0x0000000617800000| Untracked 
|  95|0x0000000617c00000, 0x0000000617c00000, 0x0000000618000000|  0%| F|  |TAMS 0x0000000617c00000, 0x0000000617c00000| Untracked 
|  96|0x0000000618000000, 0x0000000618000000, 0x0000000618400000|  0%| F|  |TAMS 0x0000000618000000, 0x0000000618000000| Untracked 
|  97|0x0000000618400000, 0x0000000618400000, 0x0000000618800000|  0%| F|  |TAMS 0x0000000618400000, 0x0000000618400000| Untracked 
|  98|0x0000000618800000, 0x0000000618800000, 0x0000000618c00000|  0%| F|  |TAMS 0x0000000618800000, 0x0000000618800000| Untracked 
|  99|0x0000000618c00000, 0x0000000618c00000, 0x0000000619000000|  0%| F|  |TAMS 0x0000000618c00000, 0x0000000618c00000| Untracked 
| 100|0x0000000619000000, 0x0000000619000000, 0x0000000619400000|  0%| F|  |TAMS 0x0000000619000000, 0x0000000619000000| Untracked 
| 101|0x0000000619400000, 0x0000000619400000, 0x0000000619800000|  0%| F|  |TAMS 0x0000000619400000, 0x0000000619400000| Untracked 
| 102|0x0000000619800000, 0x0000000619800000, 0x0000000619c00000|  0%| F|  |TAMS 0x0000000619800000, 0x0000000619800000| Untracked 
| 103|0x0000000619c00000, 0x0000000619c00000, 0x000000061a000000|  0%| F|  |TAMS 0x0000000619c00000, 0x0000000619c00000| Untracked 
| 104|0x000000061a000000, 0x000000061a000000, 0x000000061a400000|  0%| F|  |TAMS 0x000000061a000000, 0x000000061a000000| Untracked 
| 105|0x000000061a400000, 0x000000061a400000, 0x000000061a800000|  0%| F|  |TAMS 0x000000061a400000, 0x000000061a400000| Untracked 
| 106|0x000000061a800000, 0x000000061a800000, 0x000000061ac00000|  0%| F|  |TAMS 0x000000061a800000, 0x000000061a800000| Untracked 
| 107|0x000000061ac00000, 0x000000061ac00000, 0x000000061b000000|  0%| F|  |TAMS 0x000000061ac00000, 0x000000061ac00000| Untracked 
| 108|0x000000061b000000, 0x000000061b000000, 0x000000061b400000|  0%| F|  |TAMS 0x000000061b000000, 0x000000061b000000| Untracked 
| 109|0x000000061b400000, 0x000000061b400000, 0x000000061b800000|  0%| F|  |TAMS 0x000000061b400000, 0x000000061b400000| Untracked 
| 110|0x000000061b800000, 0x000000061b800000, 0x000000061bc00000|  0%| F|  |TAMS 0x000000061b800000, 0x000000061b800000| Untracked 
| 111|0x000000061bc00000, 0x000000061bc00000, 0x000000061c000000|  0%| F|  |TAMS 0x000000061bc00000, 0x000000061bc00000| Untracked 
| 112|0x000000061c000000, 0x000000061c000000, 0x000000061c400000|  0%| F|  |TAMS 0x000000061c000000, 0x000000061c000000| Untracked 
| 113|0x000000061c400000, 0x000000061c400000, 0x000000061c800000|  0%| F|  |TAMS 0x000000061c400000, 0x000000061c400000| Untracked 
| 114|0x000000061c800000, 0x000000061c800000, 0x000000061cc00000|  0%| F|  |TAMS 0x000000061c800000, 0x000000061c800000| Untracked 
| 115|0x000000061cc00000, 0x000000061cc00000, 0x000000061d000000|  0%| F|  |TAMS 0x000000061cc00000, 0x000000061cc00000| Untracked 
| 116|0x000000061d000000, 0x000000061d000000, 0x000000061d400000|  0%| F|  |TAMS 0x000000061d000000, 0x000000061d000000| Untracked 
| 117|0x000000061d400000, 0x000000061d400000, 0x000000061d800000|  0%| F|  |TAMS 0x000000061d400000, 0x000000061d400000| Untracked 
| 118|0x000000061d800000, 0x000000061d800000, 0x000000061dc00000|  0%| F|  |TAMS 0x000000061d800000, 0x000000061d800000| Untracked 
| 119|0x000000061dc00000, 0x000000061dc00000, 0x000000061e000000|  0%| F|  |TAMS 0x000000061dc00000, 0x000000061dc00000| Untracked 
| 120|0x000000061e000000, 0x000000061e000000, 0x000000061e400000|  0%| F|  |TAMS 0x000000061e000000, 0x000000061e000000| Untracked 
| 121|0x000000061e400000, 0x000000061e400000, 0x000000061e800000|  0%| F|  |TAMS 0x000000061e400000, 0x000000061e400000| Untracked 
| 122|0x000000061e800000, 0x000000061e800000, 0x000000061ec00000|  0%| F|  |TAMS 0x000000061e800000, 0x000000061e800000| Untracked 
| 123|0x000000061ec00000, 0x000000061ec00000, 0x000000061f000000|  0%| F|  |TAMS 0x000000061ec00000, 0x000000061ec00000| Untracked 
| 124|0x000000061f000000, 0x000000061f000000, 0x000000061f400000|  0%| F|  |TAMS 0x000000061f000000, 0x000000061f000000| Untracked 
| 125|0x000000061f400000, 0x000000061f400000, 0x000000061f800000|  0%| F|  |TAMS 0x000000061f400000, 0x000000061f400000| Untracked 
| 126|0x000000061f800000, 0x000000061f800000, 0x000000061fc00000|  0%| F|  |TAMS 0x000000061f800000, 0x000000061f800000| Untracked 
| 127|0x000000061fc00000, 0x000000061fc00000, 0x0000000620000000|  0%| F|  |TAMS 0x000000061fc00000, 0x000000061fc00000| Untracked 
| 128|0x0000000620000000, 0x0000000620000000, 0x0000000620400000|  0%| F|  |TAMS 0x0000000620000000, 0x0000000620000000| Untracked 
| 129|0x0000000620400000, 0x0000000620400000, 0x0000000620800000|  0%| F|  |TAMS 0x0000000620400000, 0x0000000620400000| Untracked 
| 130|0x0000000620800000, 0x0000000620800000, 0x0000000620c00000|  0%| F|  |TAMS 0x0000000620800000, 0x0000000620800000| Untracked 
| 131|0x0000000620c00000, 0x0000000620c00000, 0x0000000621000000|  0%| F|  |TAMS 0x0000000620c00000, 0x0000000620c00000| Untracked 
| 132|0x0000000621000000, 0x0000000621000000, 0x0000000621400000|  0%| F|  |TAMS 0x0000000621000000, 0x0000000621000000| Untracked 
| 133|0x0000000621400000, 0x0000000621400000, 0x0000000621800000|  0%| F|  |TAMS 0x0000000621400000, 0x0000000621400000| Untracked 
| 134|0x0000000621800000, 0x0000000621800000, 0x0000000621c00000|  0%| F|  |TAMS 0x0000000621800000, 0x0000000621800000| Untracked 
| 135|0x0000000621c00000, 0x0000000621c00000, 0x0000000622000000|  0%| F|  |TAMS 0x0000000621c00000, 0x0000000621c00000| Untracked 
| 136|0x0000000622000000, 0x0000000622400000, 0x0000000622400000|100%| E|  |TAMS 0x0000000622000000, 0x0000000622000000| Complete 
| 137|0x0000000622400000, 0x0000000622800000, 0x0000000622800000|100%| E|CS|TAMS 0x0000000622400000, 0x0000000622400000| Complete 
| 138|0x0000000622800000, 0x0000000622c00000, 0x0000000622c00000|100%| E|CS|TAMS 0x0000000622800000, 0x0000000622800000| Complete 
| 139|0x0000000622c00000, 0x0000000623000000, 0x0000000623000000|100%| E|CS|TAMS 0x0000000622c00000, 0x0000000622c00000| Complete 
| 140|0x0000000623000000, 0x0000000623400000, 0x0000000623400000|100%| E|CS|TAMS 0x0000000623000000, 0x0000000623000000| Complete 
| 141|0x0000000623400000, 0x0000000623800000, 0x0000000623800000|100%| E|  |TAMS 0x0000000623400000, 0x0000000623400000| Complete 
| 225|0x0000000638400000, 0x0000000638800000, 0x0000000638800000|100%| S|CS|TAMS 0x0000000638400000, 0x0000000638400000| Complete 
| 230|0x0000000639800000, 0x0000000639c00000, 0x0000000639c00000|100%| E|CS|TAMS 0x0000000639800000, 0x0000000639800000| Complete 
|2038|0x00000007fd800000, 0x00000007fdc00000, 0x00000007fdc00000|100%| O|  |TAMS 0x00000007fdc00000, 0x00000007fd800000| Untracked 
|2039|0x00000007fdc00000, 0x00000007fe000000, 0x00000007fe000000|100%| E|CS|TAMS 0x00000007fdc00000, 0x00000007fdc00000| Complete 
|2047|0x00000007ffc00000, 0x0000000800000000, 0x0000000800000000|100%| O|  |TAMS 0x0000000800000000, 0x00000007ffc00000| Untracked 

Card table byte_map: [0x000001b440e00000,0x000001b441e00000] _byte_map_base: 0x000001b43de00000

Marking Bits (Prev, Next): (CMBitMap*) 0x000001b42427b470, (CMBitMap*) 0x000001b42427b430
 Prev Bits: [0x000001b44ae00000, 0x000001b452e00000)
 Next Bits: [0x000001b442e00000, 0x000001b44ae00000)

Polling page: 0x000001b424490000

Metaspace:

Usage:
  Non-class:     64.06 MB used.
      Class:      9.78 MB used.
       Both:     73.84 MB used.

Virtual space:
  Non-class space:      128.00 MB reserved,      64.56 MB ( 50%) committed,  2 nodes.
      Class space:        1.00 GB reserved,      10.19 MB ( <1%) committed,  1 nodes.
             Both:        1.12 GB reserved,      74.75 MB (  6%) committed. 

Chunk freelists:
   Non-Class:  15.11 MB
       Class:  5.87 MB
        Both:  20.98 MB

MaxMetaspaceSize: unlimited
CompressedClassSpaceSize: 1.00 GB
Initial GC threshold: 21.00 MB
Current GC threshold: 124.19 MB
CDS: on
MetaspaceReclaimPolicy: balanced
 - commit_granule_bytes: 65536.
 - commit_granule_words: 8192.
 - virtual_space_node_default_size: 8388608.
 - enlarge_chunks_in_place: 1.
 - new_chunks_are_fully_committed: 0.
 - uncommit_free_chunks: 1.
 - use_allocation_guard: 0.
 - handle_deallocations: 1.


Internal statistics:

num_allocs_failed_limit: 14.
num_arena_births: 978.
num_arena_deaths: 0.
num_vsnodes_births: 3.
num_vsnodes_deaths: 0.
num_space_committed: 1196.
num_space_uncommitted: 0.
num_chunks_returned_to_freelist: 14.
num_chunks_taken_from_freelist: 4033.
num_chunk_merges: 9.
num_chunk_splits: 2448.
num_chunks_enlarged: 1469.
num_inconsistent_stats: 0.

CodeHeap 'non-profiled nmethods': size=117760Kb used=8076Kb max_used=8080Kb free=109683Kb
 bounds [0x000001b437b50000, 0x000001b438340000, 0x000001b43ee50000]
CodeHeap 'profiled nmethods': size=117760Kb used=26636Kb max_used=26636Kb free=91123Kb
 bounds [0x000001b42fe50000, 0x000001b431860000, 0x000001b437150000]
CodeHeap 'non-nmethods': size=10240Kb used=3540Kb max_used=5776Kb free=6699Kb
 bounds [0x000001b437150000, 0x000001b437700000, 0x000001b437b50000]
 total_blobs=12378 nmethods=11446 adapters=832
 compilation: enabled
              stopped_count=0, restarted_count=0
 full_count=0

JVMCI Events (20 events):
Event: 367.900 Thread 0x000001b455618640 compacted oop handles in JVMCI runtime 2 from 170 to 146
Event: 367.900 Thread 0x000001b455618640 compacted oop handles in JVMCI runtime 2 from 147 to 117
Event: 367.901 Thread 0x000001b406d4f1d0 compacted oop handles in JVMCI runtime 1 from 137 to 136
Event: 367.901 Thread 0x000001b406d4f1d0 compacted oop handles in JVMCI runtime 1 from 137 to 73
Event: 367.912 Thread 0x000001b406d4f1d0 compacted oop handles in JVMCI runtime 1 from 258 to 218
Event: 367.960 Thread 0x000001b406d4f1d0 compacted oop handles in JVMCI runtime 1 from 267 to 261
Event: 368.002 Thread 0x000001b455618640 compacted oop handles in JVMCI runtime 2 from 159 to 149
Event: 368.015 Thread 0x000001b406d4f1d0 compacted oop handles in JVMCI runtime 1 from 298 to 295
Event: 368.015 Thread 0x000001b406d4f1d0 compacted oop handles in JVMCI runtime 1 from 296 to 108
Event: 368.018 Thread 0x000001b406d4f1d0 compacted oop handles in JVMCI runtime 1 from 109 to 108
Event: 368.031 Thread 0x000001b455618640 compacted oop handles in JVMCI runtime 2 from 229 to 195
Event: 368.045 Thread 0x000001b406d4f1d0 compacted oop handles in JVMCI runtime 1 from 135 to 134
Event: 368.267 Thread 0x000001b406d4f1d0 compacted oop handles in JVMCI runtime 1 from 389 to 295
Event: 368.267 Thread 0x000001b406d4f1d0 compacted oop handles in JVMCI runtime 1 from 296 to 173
Event: 368.295 Thread 0x000001b406d4f1d0 compacted oop handles in JVMCI runtime 1 from 203 to 192
Event: 368.356 Thread 0x000001b455618640 compacted oop handles in JVMCI runtime 2 from 232 to 230
Event: 368.360 Thread 0x000001b455618640 compacted oop handles in JVMCI runtime 2 from 231 to 122
Event: 368.363 Thread 0x000001b406d4f1d0 compacted oop handles in JVMCI runtime 1 from 238 to 234
Event: 368.431 Thread 0x000001b455618640 compacted oop handles in JVMCI runtime 2 from 147 to 136
Event: 368.437 Thread 0x000001b406d4f1d0 compacted oop handles in JVMCI runtime 1 from 239 to 238

Compilation events (20 events):
Event: 368.367 Thread 0x000001b455618640 13824   !   4       com.sun.org.apache.xerces.internal.impl.XMLScanner::scanCharReferenceValue (770 bytes)
Event: 368.367 Thread 0x000001b406d4f1d0 13825       4       com.sun.org.apache.xerces.internal.utils.XMLLimitAnalyzer::endEntity (29 bytes)
Event: 368.431 Thread 0x000001b455618640 nmethod 13824 0x000001b438182690 code [0x000001b4381828e0, 0x000001b438183f60]
Event: 368.431 Thread 0x000001b455618640 13826       4       java.nio.CharBuffer::position (8 bytes)
Event: 368.436 Thread 0x000001b455618640 nmethod 13826 0x000001b438182390 code [0x000001b438182500, 0x000001b4381825c0]
Event: 368.437 Thread 0x000001b406d4f1d0 nmethod 13825 0x000001b438181190 code [0x000001b4381813a0, 0x000001b438181e60]
Event: 368.448 Thread 0x000001b406d53190 13827       3       java.util.Stack::<init> (5 bytes)
Event: 368.448 Thread 0x000001b406d53190 nmethod 13827 0x000001b43184de10 code [0x000001b43184dfc0, 0x000001b43184e1c8]
Event: 368.449 Thread 0x000001b406d53190 13828       1       com.sun.org.apache.xerces.internal.utils.XMLSecurityPropertyManager$Property::defaultValue (5 bytes)
Event: 368.449 Thread 0x000001b406d53190 nmethod 13828 0x000001b438180e90 code [0x000001b438181020, 0x000001b4381810f8]
Event: 368.450 Thread 0x000001b455618640 13829       4       com.sun.org.apache.xerces.internal.impl.XMLDTDScannerImpl::scanEntityDecl (872 bytes)
Event: 368.454 Thread 0x000001b406d4f1d0 13830 %     4       com.sun.org.apache.xerces.internal.impl.XMLDocumentFragmentScannerImpl::scanDocument @ 13 (346 bytes)
Event: 368.456 Thread 0x000001b406d4ec80 13831       3       java.io.BufferedInputStream::close (44 bytes)
Event: 368.456 Thread 0x000001b406d4ec80 nmethod 13831 0x000001b43184e310 code [0x000001b43184e4e0, 0x000001b43184ea68]
Event: 368.473 Thread 0x000001b406d4ec80 13835       3       org.gradle.api.internal.artifacts.ivyservice.ivyresolve.parser.PomDomParser::getAllChilds (68 bytes)
Event: 368.473 Thread 0x000001b406d4ec80 nmethod 13835 0x000001b43184eb90 code [0x000001b43184ede0, 0x000001b4318501d8]
Event: 368.476 Thread 0x000001b406d4ec80 13836       3       org.gradle.api.internal.artifacts.ivyservice.ivyresolve.parser.PomReader::setPomProperties (76 bytes)
Event: 368.477 Thread 0x000001b406d4ec80 nmethod 13836 0x000001b431850510 code [0x000001b431850780, 0x000001b431852718]
Event: 368.485 Thread 0x000001b406d4ec80 13837       3       org.gradle.api.internal.artifacts.ivyservice.ivyresolve.parser.PomReader::setGavPropertyValue (45 bytes)
Event: 368.485 Thread 0x000001b406d4ec80 nmethod 13837 0x000001b431852a90 code [0x000001b431852c40, 0x000001b431853088]

GC Heap History (20 events):
Event: 11.835 GC heap before
{Heap before GC invocations=20 (full 0):
 garbage-first heap   total 266240K, used 182069K [0x0000000600000000, 0x0000000800000000)
  region size 4096K, 17 young (69632K), 4 survivors (16384K)
 Metaspace       used 72444K, committed 73152K, reserved 1114112K
  class space    used 9749K, committed 10048K, reserved 1048576K
}
Event: 11.849 GC heap after
{Heap after GC invocations=21 (full 0):
 garbage-first heap   total 266240K, used 168261K [0x0000000600000000, 0x0000000800000000)
  region size 4096K, 3 young (12288K), 3 survivors (12288K)
 Metaspace       used 72444K, committed 73152K, reserved 1114112K
  class space    used 9749K, committed 10048K, reserved 1048576K
}
Event: 11.890 GC heap before
{Heap before GC invocations=21 (full 0):
 garbage-first heap   total 266240K, used 192837K [0x0000000600000000, 0x0000000800000000)
  region size 4096K, 9 young (36864K), 3 survivors (12288K)
 Metaspace       used 72564K, committed 73280K, reserved 1114112K
  class space    used 9761K, committed 10048K, reserved 1048576K
}
Event: 11.899 GC heap after
{Heap after GC invocations=22 (full 0):
 garbage-first heap   total 532480K, used 188026K [0x0000000600000000, 0x0000000800000000)
  region size 4096K, 2 young (8192K), 2 survivors (8192K)
 Metaspace       used 72564K, committed 73280K, reserved 1114112K
  class space    used 9761K, committed 10048K, reserved 1048576K
}
Event: 12.523 GC heap before
{Heap before GC invocations=23 (full 0):
 garbage-first heap   total 532480K, used 392826K [0x0000000600000000, 0x0000000800000000)
  region size 4096K, 32 young (131072K), 2 survivors (8192K)
 Metaspace       used 73122K, committed 73856K, reserved 1114112K
  class space    used 9790K, committed 10112K, reserved 1048576K
}
Event: 12.538 GC heap after
{Heap after GC invocations=24 (full 0):
 garbage-first heap   total 532480K, used 215032K [0x0000000600000000, 0x0000000800000000)
  region size 4096K, 4 young (16384K), 4 survivors (16384K)
 Metaspace       used 73122K, committed 73856K, reserved 1114112K
  class space    used 9790K, committed 10112K, reserved 1048576K
}
Event: 12.602 GC heap before
{Heap before GC invocations=24 (full 0):
 garbage-first heap   total 532480K, used 219128K [0x0000000600000000, 0x0000000800000000)
  region size 4096K, 6 young (24576K), 4 survivors (16384K)
 Metaspace       used 73122K, committed 73856K, reserved 1114112K
  class space    used 9790K, committed 10112K, reserved 1048576K
}
Event: 12.611 GC heap after
{Heap after GC invocations=25 (full 0):
 garbage-first heap   total 532480K, used 216445K [0x0000000600000000, 0x0000000800000000)
  region size 4096K, 1 young (4096K), 1 survivors (4096K)
 Metaspace       used 73122K, committed 73856K, reserved 1114112K
  class space    used 9790K, committed 10112K, reserved 1048576K
}
Event: 12.789 GC heap before
{Heap before GC invocations=25 (full 0):
 garbage-first heap   total 532480K, used 351613K [0x0000000600000000, 0x0000000800000000)
  region size 4096K, 30 young (122880K), 1 survivors (4096K)
 Metaspace       used 73274K, committed 74048K, reserved 1114112K
  class space    used 9801K, committed 10112K, reserved 1048576K
}
Event: 12.807 GC heap after
{Heap after GC invocations=26 (full 0):
 garbage-first heap   total 532480K, used 300762K [0x0000000600000000, 0x0000000800000000)
  region size 4096K, 4 young (16384K), 4 survivors (16384K)
 Metaspace       used 73274K, committed 74048K, reserved 1114112K
  class space    used 9801K, committed 10112K, reserved 1048576K
}
Event: 12.890 GC heap before
{Heap before GC invocations=26 (full 0):
 garbage-first heap   total 532480K, used 362202K [0x0000000600000000, 0x0000000800000000)
  region size 4096K, 21 young (86016K), 4 survivors (16384K)
 Metaspace       used 73341K, committed 74112K, reserved 1114112K
  class space    used 9801K, committed 10112K, reserved 1048576K
}
Event: 12.912 GC heap after
{Heap after GC invocations=27 (full 0):
 garbage-first heap   total 532480K, used 339765K [0x0000000600000000, 0x0000000800000000)
  region size 4096K, 3 young (12288K), 3 survivors (12288K)
 Metaspace       used 73341K, committed 74112K, reserved 1114112K
  class space    used 9801K, committed 10112K, reserved 1048576K
}
Event: 12.998 GC heap before
{Heap before GC invocations=27 (full 0):
 garbage-first heap   total 532480K, used 413493K [0x0000000600000000, 0x0000000800000000)
  region size 4096K, 16 young (65536K), 3 survivors (12288K)
 Metaspace       used 73341K, committed 74112K, reserved 1114112K
  class space    used 9801K, committed 10112K, reserved 1048576K
}
Event: 13.016 GC heap after
{Heap after GC invocations=28 (full 0):
 garbage-first heap   total 1064960K, used 388917K [0x0000000600000000, 0x0000000800000000)
  region size 4096K, 2 young (8192K), 2 survivors (8192K)
 Metaspace       used 73341K, committed 74112K, reserved 1114112K
  class space    used 9801K, committed 10112K, reserved 1048576K
}
Event: 365.372 GC heap before
{Heap before GC invocations=29 (full 0):
 garbage-first heap   total 958464K, used 511797K [0x0000000600000000, 0x0000000800000000)
  region size 4096K, 59 young (241664K), 2 survivors (8192K)
 Metaspace       used 74851K, committed 75648K, reserved 1179648K
  class space    used 9989K, committed 10368K, reserved 1048576K
}
Event: 365.398 GC heap after
{Heap after GC invocations=30 (full 0):
 garbage-first heap   total 958464K, used 368348K [0x0000000600000000, 0x0000000800000000)
  region size 4096K, 8 young (32768K), 8 survivors (32768K)
 Metaspace       used 74851K, committed 75648K, reserved 1179648K
  class space    used 9989K, committed 10368K, reserved 1048576K
}
Event: 366.259 GC heap before
{Heap before GC invocations=30 (full 0):
 garbage-first heap   total 958464K, used 380636K [0x0000000600000000, 0x0000000800000000)
  region size 4096K, 11 young (45056K), 8 survivors (32768K)
 Metaspace       used 75073K, committed 75904K, reserved 1179648K
  class space    used 10002K, committed 10368K, reserved 1048576K
}
Event: 366.277 GC heap after
{Heap after GC invocations=31 (full 0):
 garbage-first heap   total 958464K, used 370852K [0x0000000600000000, 0x0000000800000000)
  region size 4096K, 2 young (8192K), 2 survivors (8192K)
 Metaspace       used 75073K, committed 75904K, reserved 1179648K
  class space    used 10002K, committed 10368K, reserved 1048576K
}
Event: 367.618 GC heap before
{Heap before GC invocations=31 (full 0):
 garbage-first heap   total 958464K, used 383140K [0x0000000600000000, 0x0000000800000000)
  region size 4096K, 6 young (24576K), 2 survivors (8192K)
 Metaspace       used 75397K, committed 76224K, reserved 1179648K
  class space    used 10018K, committed 10432K, reserved 1048576K
}
Event: 367.621 GC heap after
{Heap after GC invocations=32 (full 0):
 garbage-first heap   total 958464K, used 368437K [0x0000000600000000, 0x0000000800000000)
  region size 4096K, 1 young (4096K), 1 survivors (4096K)
 Metaspace       used 75397K, committed 76224K, reserved 1179648K
  class space    used 10018K, committed 10432K, reserved 1048576K
}

Deoptimization events (20 events):
Event: 367.516 Thread 0x000001b400f5db80 DEOPT PACKING pc=0x000001b43824ae07 sp=0x00000022245f7300
Event: 367.516 Thread 0x000001b400f5db80 DEOPT UNPACKING pc=0x000001b4371a2945 sp=0x00000022245f67a8 mode 3
Event: 367.548 Thread 0x000001b400f5db80 Uncommon trap: trap_request=0xffffffed fr.pc=0x000001b437bd4173 relative=0x0000000000000593
Event: 367.548 Thread 0x000001b400f5db80 Uncommon trap: reason=null_assert_or_unreached0 action=reinterpret pc=0x000001b437bd4173 method=com.google.common.collect.MapMakerInternalMap$Segment.getEntry(Ljava/lang/Object;I)Lcom/google/common/collect/MapMakerInternalMap$InternalEntry; @ 36 jvmci
Event: 367.548 Thread 0x000001b400f5db80 DEOPT PACKING pc=0x000001b437bd4173 sp=0x00000022245f8f90
Event: 367.548 Thread 0x000001b400f5db80 DEOPT UNPACKING pc=0x000001b4371a2945 sp=0x00000022245f8428 mode 3
Event: 367.549 Thread 0x000001b400f5db80 DEOPT PACKING pc=0x000001b4308ece90 sp=0x00000022245f8f60
Event: 367.549 Thread 0x000001b400f5db80 DEOPT UNPACKING pc=0x000001b4371a2945 sp=0x00000022245f8470 mode 0
Event: 367.634 Thread 0x000001b400f5db80 Uncommon trap: trap_request=0xffffffed fr.pc=0x000001b437f6ecb4 relative=0x0000000000000274
Event: 367.634 Thread 0x000001b400f5db80 Uncommon trap: reason=null_assert_or_unreached0 action=reinterpret pc=0x000001b437f6ecb4 method=com.google.gson.stream.JsonReader.peek()Lcom/google/gson/stream/JsonToken; @ 14 jvmci
Event: 367.634 Thread 0x000001b400f5db80 DEOPT PACKING pc=0x000001b437f6ecb4 sp=0x00000022245f9320
Event: 367.634 Thread 0x000001b400f5db80 DEOPT UNPACKING pc=0x000001b4371a2945 sp=0x00000022245f87c0 mode 3
Event: 367.669 Thread 0x000001b400f5db80 DEOPT PACKING pc=0x000001b4307280a6 sp=0x00000022245f88d0
Event: 367.669 Thread 0x000001b400f5db80 DEOPT UNPACKING pc=0x000001b4371a2945 sp=0x00000022245f7e08 mode 0
Event: 367.696 Thread 0x000001b400f5db80 DEOPT PACKING pc=0x000001b4306e6953 sp=0x00000022245f87f0
Event: 367.696 Thread 0x000001b400f5db80 DEOPT UNPACKING pc=0x000001b4371a2945 sp=0x00000022245f7c98 mode 0
Event: 367.733 Thread 0x000001b400f5db80 Uncommon trap: trap_request=0xfffffff5 fr.pc=0x000001b43810d133 relative=0x0000000000000173
Event: 367.733 Thread 0x000001b400f5db80 Uncommon trap: reason=null_check action=reinterpret pc=0x000001b43810d133 method=java.lang.ThreadLocal$ThreadLocalMap.getEntryAfterMiss(Ljava/lang/ThreadLocal;ILjava/lang/ThreadLocal$ThreadLocalMap$Entry;)Ljava/lang/ThreadLocal$ThreadLocalMap$Entry; @ 11 
Event: 367.733 Thread 0x000001b400f5db80 DEOPT PACKING pc=0x000001b43810d133 sp=0x00000022245f99e0
Event: 367.733 Thread 0x000001b400f5db80 DEOPT UNPACKING pc=0x000001b4371a2945 sp=0x00000022245f8d70 mode 3

Classes unloaded (0 events):
No events

Classes redefined (0 events):
No events

Internal exceptions (20 events):
Event: 365.203 Thread 0x000001b400f830b0 Exception <a 'java/lang/NoSuchMethodError'{0x000000062d029d00}: static Lorg/gradle/internal/build/event/types/DefaultTaskFailureResult;.<clinit>()V> (0x000000062d029d00) 
thrown [s\open\src\hotspot\share\prims\jni.cpp, line 1107]
Event: 365.204 Thread 0x000001b400f830b0 Exception <a 'java/lang/NoSuchMethodError'{0x000000062d0415a0}: static Lorg/gradle/internal/build/event/types/DefaultFailure;.<clinit>()V> (0x000000062d0415a0) 
thrown [s\open\src\hotspot\share\prims\jni.cpp, line 1107]
Event: 365.230 Thread 0x000001b400f5db80 Exception <a 'java/lang/NoSuchMethodError'{0x000000062e36a990}: 'void java.lang.invoke.DirectMethodHandle$Holder.invokeSpecial(java.lang.Object, java.lang.Object, int)'> (0x000000062e36a990) 
thrown [s\open\src\hotspot\share\interpreter\linkResolver.cpp, line 759]
Event: 365.242 Thread 0x000001b400f5db80 Implicit null exception at 0x000001b438295cb5 to 0x000001b438298506
Event: 365.242 Thread 0x000001b400f5db80 Implicit null exception at 0x000001b4382941ea to 0x000001b4382949ba
Event: 365.242 Thread 0x000001b400f5db80 Implicit null exception at 0x000001b438252b49 to 0x000001b4382531ad
Event: 365.242 Thread 0x000001b400f5db80 Implicit null exception at 0x000001b438231c3d to 0x000001b438231ff1
Event: 365.365 Thread 0x000001b400f13380 Exception <a 'java/lang/NoSuchMethodError'{0x000000062bea95f0}: static Lorg/gradle/tooling/internal/provider/serialization/ClassLoaderDetails;.<clinit>()V> (0x000000062bea95f0) 
thrown [s\open\src\hotspot\share\prims\jni.cpp, line 1107]
Event: 365.366 Thread 0x000001b400f13380 Exception <a 'java/lang/NoSuchMethodError'{0x000000062bebbdf0}: static Lorg/gradle/tooling/internal/provider/serialization/WellKnownClassLoaderRegistry$KnownClassLoaderSpec;.<clinit>()V> (0x000000062bebbdf0) 
thrown [s\open\src\hotspot\share\prims\jni.cpp, line 1107]
Event: 365.366 Thread 0x000001b400f13380 Exception <a 'java/lang/NoSuchMethodError'{0x000000062bebd318}: static Lorg/gradle/internal/classloader/ClassLoaderSpec;.<clinit>()V> (0x000000062bebd318) 
thrown [s\open\src\hotspot\share\prims\jni.cpp, line 1107]
Event: 365.366 Thread 0x000001b400f13380 Exception <a 'java/lang/NoSuchMethodError'{0x000000062becfd38}: static Lorg/gradle/internal/classloader/ClassLoaderSpec;.<clinit>()V> (0x000000062becfd38) 
thrown [s\open\src\hotspot\share\prims\jni.cpp, line 1107]
Event: 365.367 Thread 0x000001b400f13380 Exception <a 'java/lang/NoSuchMethodError'{0x000000062bedbd30}: static Lorg/gradle/internal/classloader/VisitableURLClassLoader$Spec;.<clinit>()V> (0x000000062bedbd30) 
thrown [s\open\src\hotspot\share\prims\jni.cpp, line 1107]
Event: 366.054 Thread 0x000001b400f5db80 Exception <a 'sun/nio/fs/WindowsException'{0x00000007fdf50798}> (0x00000007fdf50798) 
thrown [s\open\src\hotspot\share\prims\jni.cpp, line 516]
Event: 366.055 Thread 0x000001b400f5db80 Exception <a 'sun/nio/fs/WindowsException'{0x00000007fdf51cf0}> (0x00000007fdf51cf0) 
thrown [s\open\src\hotspot\share\prims\jni.cpp, line 516]
Event: 366.056 Thread 0x000001b400f5db80 Exception <a 'sun/nio/fs/WindowsException'{0x00000007fdf53248}> (0x00000007fdf53248) 
thrown [s\open\src\hotspot\share\prims\jni.cpp, line 516]
Event: 366.057 Thread 0x000001b400f5db80 Exception <a 'sun/nio/fs/WindowsException'{0x00000007fdf54778}> (0x00000007fdf54778) 
thrown [s\open\src\hotspot\share\prims\jni.cpp, line 516]
Event: 366.141 Thread 0x000001b400f5db80 Implicit null exception at 0x000001b437dce24a to 0x000001b437dce724
Event: 366.141 Thread 0x000001b400f5db80 Implicit null exception at 0x000001b437dcca50 to 0x000001b437dcd0f0
Event: 367.548 Thread 0x000001b400f5db80 Implicit null exception at 0x000001b437bd3e04 to 0x000001b437bd4158
Event: 367.733 Thread 0x000001b400f5db80 Implicit null exception at 0x000001b43810d133 to 0x000001b4371a2570

VM Operations (20 events):
Event: 365.275 Executing VM operation: HandshakeAllThreads
Event: 365.276 Executing VM operation: HandshakeAllThreads done
Event: 365.294 Executing VM operation: HandshakeAllThreads
Event: 365.294 Executing VM operation: HandshakeAllThreads done
Event: 365.298 Executing VM operation: HandshakeAllThreads
Event: 365.299 Executing VM operation: HandshakeAllThreads done
Event: 365.372 Executing VM operation: G1CollectForAllocation
Event: 365.398 Executing VM operation: G1CollectForAllocation done
Event: 366.172 Executing VM operation: ICBufferFull
Event: 366.172 Executing VM operation: ICBufferFull done
Event: 366.259 Executing VM operation: G1CollectForAllocation
Event: 366.278 Executing VM operation: G1CollectForAllocation done
Event: 367.279 Executing VM operation: Cleanup
Event: 367.279 Executing VM operation: Cleanup done
Event: 367.618 Executing VM operation: G1TryInitiateConcMark
Event: 367.621 Executing VM operation: G1TryInitiateConcMark done
Event: 367.678 Executing VM operation: G1Concurrent
Event: 367.683 Executing VM operation: G1Concurrent done
Event: 367.704 Executing VM operation: G1Concurrent
Event: 367.728 Executing VM operation: G1Concurrent done

Events (20 events):
Event: 366.558 loading class sun/security/ssl/PreSharedKeyExtension$SHPreSharedKeySpec
Event: 366.558 loading class sun/security/ssl/PreSharedKeyExtension$SHPreSharedKeySpec done
Event: 366.560 Thread 0x000001b4032917e0 Thread added: 0x000001b4032917e0
Event: 366.561 Thread 0x000001b4032917e0 Thread exited: 0x000001b4032917e0
Event: 366.781 Thread 0x000001b40328b7b0 Thread added: 0x000001b40328b7b0
Event: 366.785 Thread 0x000001b406d511b0 Thread exited: 0x000001b406d511b0
Event: 366.785 Thread 0x000001b406d55170 Thread exited: 0x000001b406d55170
Event: 366.847 Thread 0x000001b40328bcc0 Thread added: 0x000001b40328bcc0
Event: 367.173 Thread 0x000001b4032917e0 Thread added: 0x000001b4032917e0
Event: 367.174 Thread 0x000001b4032917e0 Thread exited: 0x000001b4032917e0
Event: 367.514 Thread 0x000001b40328ea50 Thread added: 0x000001b40328ea50
Event: 367.526 Thread 0x000001b406d4f1d0 Thread added: 0x000001b406d4f1d0
Event: 367.696 Thread 0x000001b4032917e0 Thread added: 0x000001b4032917e0
Event: 367.696 Thread 0x000001b40328b2a0 Thread added: 0x000001b40328b2a0
Event: 367.696 Thread 0x000001b40328ef60 Thread added: 0x000001b40328ef60
Event: 367.696 Thread 0x000001b4032908b0 Thread added: 0x000001b4032908b0
Event: 367.696 Thread 0x000001b40328fe90 Thread added: 0x000001b40328fe90
Event: 367.696 Thread 0x000001b40328f980 Thread added: 0x000001b40328f980
Event: 367.696 Thread 0x000001b40328cbf0 Thread added: 0x000001b40328cbf0
Event: 367.697 Thread 0x000001b4032912d0 Thread added: 0x000001b4032912d0


Dynamic libraries:
0x00007ff6d1060000 - 0x00007ff6d1070000 	D:\programs\graalvm-jdk-17.0.10+11.1\bin\java.exe
0x00007ffb6b4e0000 - 0x00007ffb6b6e9000 	C:\WINDOWS\SYSTEM32\ntdll.dll
0x00007ffb6ab20000 - 0x00007ffb6abdd000 	C:\WINDOWS\System32\KERNEL32.DLL
0x00007ffb68fa0000 - 0x00007ffb69324000 	C:\WINDOWS\System32\KERNELBASE.dll
0x00007ffb68ac0000 - 0x00007ffb68bd1000 	C:\WINDOWS\System32\ucrtbase.dll
0x00007ffb43980000 - 0x00007ffb43999000 	D:\programs\graalvm-jdk-17.0.10+11.1\bin\jli.dll
0x00007ffb45670000 - 0x00007ffb4568b000 	D:\programs\graalvm-jdk-17.0.10+11.1\bin\VCRUNTIME140.dll
0x00007ffb6a990000 - 0x00007ffb6aa3e000 	C:\WINDOWS\System32\ADVAPI32.dll
0x00007ffb69480000 - 0x00007ffb69523000 	C:\WINDOWS\System32\msvcrt.dll
0x00007ffb69f40000 - 0x00007ffb69fde000 	C:\WINDOWS\System32\sechost.dll
0x00007ffb6a460000 - 0x00007ffb6a581000 	C:\WINDOWS\System32\RPCRT4.dll
0x00007ffb6a740000 - 0x00007ffb6a8ed000 	C:\WINDOWS\System32\USER32.dll
0x00007ffb68a90000 - 0x00007ffb68ab6000 	C:\WINDOWS\System32\win32u.dll
0x00007ffb69330000 - 0x00007ffb6935a000 	C:\WINDOWS\System32\GDI32.dll
0x00007ffb68e80000 - 0x00007ffb68f9e000 	C:\WINDOWS\System32\gdi32full.dll
0x00007ffb5a0f0000 - 0x00007ffb5a395000 	C:\WINDOWS\WinSxS\amd64_microsoft.windows.common-controls_6595b64144ccf1df_6.0.22000.120_none_9d947278b86cc467\COMCTL32.dll
0x00007ffb68970000 - 0x00007ffb68a0d000 	C:\WINDOWS\System32\msvcp_win.dll
0x00007ffb60ca0000 - 0x00007ffb60caa000 	C:\WINDOWS\SYSTEM32\VERSION.dll
0x00007ffb6a700000 - 0x00007ffb6a731000 	C:\WINDOWS\System32\IMM32.DLL
0x00007ffb49680000 - 0x00007ffb4968c000 	D:\programs\graalvm-jdk-17.0.10+11.1\bin\vcruntime140_1.dll
0x00007ffb23980000 - 0x00007ffb23a0e000 	D:\programs\graalvm-jdk-17.0.10+11.1\bin\msvcp140.dll
0x00007ffaf2800000 - 0x00007ffaf33d5000 	D:\programs\graalvm-jdk-17.0.10+11.1\bin\server\jvm.dll
0x00007ffb6a910000 - 0x00007ffb6a918000 	C:\WINDOWS\System32\PSAPI.DLL
0x00007ffb65170000 - 0x00007ffb65179000 	C:\WINDOWS\SYSTEM32\WSOCK32.dll
0x00007ffb5c3f0000 - 0x00007ffb5c423000 	C:\WINDOWS\SYSTEM32\WINMM.dll
0x00007ffb6a590000 - 0x00007ffb6a5ff000 	C:\WINDOWS\System32\WS2_32.dll
0x00007ffb67ad0000 - 0x00007ffb67ae8000 	C:\WINDOWS\SYSTEM32\kernel.appcore.dll
0x00007ffb49210000 - 0x00007ffb4921a000 	D:\programs\graalvm-jdk-17.0.10+11.1\bin\jimage.dll
0x00007ffb664d0000 - 0x00007ffb666f1000 	C:\WINDOWS\SYSTEM32\DBGHELP.DLL
0x00007ffb50430000 - 0x00007ffb50461000 	C:\WINDOWS\SYSTEM32\dbgcore.DLL
0x00007ffb68a10000 - 0x00007ffb68a8f000 	C:\WINDOWS\System32\bcryptPrimitives.dll
0x00007ffb45920000 - 0x00007ffb4592e000 	D:\programs\graalvm-jdk-17.0.10+11.1\bin\instrument.dll
0x00007ffb44390000 - 0x00007ffb443b5000 	D:\programs\graalvm-jdk-17.0.10+11.1\bin\java.dll
0x00007ffb22c90000 - 0x00007ffb22d67000 	D:\programs\graalvm-jdk-17.0.10+11.1\bin\jsvml.dll
0x00007ffb69550000 - 0x00007ffb69d15000 	C:\WINDOWS\System32\SHELL32.dll
0x00007ffb66a40000 - 0x00007ffb672a2000 	C:\WINDOWS\SYSTEM32\windows.storage.dll
0x00007ffb6b120000 - 0x00007ffb6b496000 	C:\WINDOWS\System32\combase.dll
0x00007ffb668d0000 - 0x00007ffb66a37000 	C:\WINDOWS\SYSTEM32\wintypes.dll
0x00007ffb6a610000 - 0x00007ffb6a6fa000 	C:\WINDOWS\System32\SHCORE.dll
0x00007ffb69ee0000 - 0x00007ffb69f3d000 	C:\WINDOWS\System32\shlwapi.dll
0x00007ffb688a0000 - 0x00007ffb688c5000 	C:\WINDOWS\SYSTEM32\profapi.dll
0x00007ffb3e410000 - 0x00007ffb3e428000 	D:\programs\graalvm-jdk-17.0.10+11.1\bin\zip.dll
0x00007ffacefb0000 - 0x00007ffad1a0b000 	D:\programs\graalvm-jdk-17.0.10+11.1\bin\jvmcicompiler.dll
0x00007ffb68be0000 - 0x00007ffb68d42000 	C:\WINDOWS\System32\CRYPT32.dll
0x00007ffb68070000 - 0x00007ffb6809c000 	C:\WINDOWS\SYSTEM32\USERENV.dll
0x00007ffb68310000 - 0x00007ffb68338000 	C:\WINDOWS\SYSTEM32\ncrypt.dll
0x00007ffb67f80000 - 0x00007ffb67fe7000 	C:\WINDOWS\SYSTEM32\MSWSOCK.dll
0x00007ffb67560000 - 0x00007ffb6758d000 	C:\WINDOWS\SYSTEM32\IPHLPAPI.DLL
0x00007ffb682d0000 - 0x00007ffb68307000 	C:\WINDOWS\SYSTEM32\NTASN1.dll
0x00007ffb41db0000 - 0x00007ffb41dc9000 	D:\programs\graalvm-jdk-17.0.10+11.1\bin\net.dll
0x00007ffb630e0000 - 0x00007ffb631f4000 	C:\WINDOWS\SYSTEM32\WINHTTP.dll
0x00007ffb3e430000 - 0x00007ffb3e446000 	D:\programs\graalvm-jdk-17.0.10+11.1\bin\nio.dll
0x00007ffb45930000 - 0x00007ffb45940000 	D:\programs\graalvm-jdk-17.0.10+11.1\bin\verify.dll
0x00007ffb43a80000 - 0x00007ffb43aa7000 	D:\projects\.gradle\native\c067742578af261105cb4f569cf0c3c89f3d7b1fecec35dd04571415982c5e48\windows-amd64\native-platform.dll
0x00007ffb1deb0000 - 0x00007ffb1dff4000 	D:\projects\.gradle\native\100fb08df4bc3b14c8652ba06237920a3bd2aa13389f12d3474272988ae205f9\windows-amd64\native-platform-file-events.dll
0x00007ffb458d0000 - 0x00007ffb458da000 	D:\programs\graalvm-jdk-17.0.10+11.1\bin\management.dll
0x00007ffb45840000 - 0x00007ffb4584b000 	D:\programs\graalvm-jdk-17.0.10+11.1\bin\management_ext.dll
0x00007ffb681c0000 - 0x00007ffb681d8000 	C:\WINDOWS\SYSTEM32\CRYPTSP.dll
0x00007ffb67a30000 - 0x00007ffb67a65000 	C:\WINDOWS\system32\rsaenh.dll
0x00007ffb68340000 - 0x00007ffb68367000 	C:\WINDOWS\SYSTEM32\bcrypt.dll
0x00007ffb681e0000 - 0x00007ffb681ec000 	C:\WINDOWS\SYSTEM32\CRYPTBASE.dll
0x00007ffb6a600000 - 0x00007ffb6a609000 	C:\WINDOWS\System32\NSI.dll
0x00007ffb62ca0000 - 0x00007ffb62cb9000 	C:\WINDOWS\SYSTEM32\dhcpcsvc6.DLL
0x00007ffb63310000 - 0x00007ffb6332e000 	C:\WINDOWS\SYSTEM32\dhcpcsvc.DLL
0x00007ffb675e0000 - 0x00007ffb676c7000 	C:\WINDOWS\SYSTEM32\DNSAPI.dll
0x00007ffb44c10000 - 0x00007ffb44c1e000 	D:\programs\graalvm-jdk-17.0.10+11.1\bin\sunmscapi.dll
0x00007ffb32270000 - 0x00007ffb32278000 	C:\WINDOWS\system32\wshunix.dll
0x00007ffb599c0000 - 0x00007ffb599ca000 	C:\Windows\System32\rasadhlp.dll
0x00007ffb613d0000 - 0x00007ffb61451000 	C:\WINDOWS\System32\fwpuclnt.dll

dbghelp: loaded successfully - version: 4.0.5 - missing functions: none
symbol engine: initialized successfully - sym options: 0x614 - pdb path: .;D:\programs\graalvm-jdk-17.0.10+11.1\bin;C:\WINDOWS\SYSTEM32;C:\WINDOWS\WinSxS\amd64_microsoft.windows.common-controls_6595b64144ccf1df_6.0.22000.120_none_9d947278b86cc467;D:\programs\graalvm-jdk-17.0.10+11.1\bin\server;D:\projects\.gradle\native\c067742578af261105cb4f569cf0c3c89f3d7b1fecec35dd04571415982c5e48\windows-amd64;D:\projects\.gradle\native\100fb08df4bc3b14c8652ba06237920a3bd2aa13389f12d3474272988ae205f9\windows-amd64

VM Arguments:
jvm_args: -XX:ThreadPriorityPolicy=1 -XX:+UnlockExperimentalVMOptions -XX:+EnableJVMCIProduct -XX:-UnlockExperimentalVMOptions --add-opens=java.base/java.util=ALL-UNNAMED --add-opens=java.base/java.lang=ALL-UNNAMED --add-opens=java.base/java.lang.invoke=ALL-UNNAMED --add-opens=java.prefs/java.util.prefs=ALL-UNNAMED --add-exports=jdk.compiler/com.sun.tools.javac.api=ALL-UNNAMED --add-exports=jdk.compiler/com.sun.tools.javac.util=ALL-UNNAMED --add-opens=java.base/java.nio.charset=ALL-UNNAMED --add-opens=java.base/java.net=ALL-UNNAMED --add-opens=java.base/java.util.concurrent.atomic=ALL-UNNAMED -Xmx8G -Dfile.encoding=UTF-8 -Duser.country=CN -Duser.language=zh -Duser.variant -javaagent:D:\projects\.gradle\wrapper\dists\gradle-8.10-bin\deqhafrv1ntovfmgh0nh3npr9\gradle-8.10\lib\agents\gradle-instrumentation-agent-8.10.jar 
java_command: org.gradle.launcher.daemon.bootstrap.GradleDaemon 8.10
java_class_path (initial): D:\projects\.gradle\wrapper\dists\gradle-8.10-bin\deqhafrv1ntovfmgh0nh3npr9\gradle-8.10\lib\gradle-daemon-main-8.10.jar
Launcher Type: SUN_STANDARD

[Global flags]
     intx CICompilerCount                          = 12                                        {product} {ergonomic}
     uint ConcGCThreads                            = 3                                         {product} {ergonomic}
     bool EnableJVMCIProduct                       = true                                {JVMCI product} {jimage}
     uint G1ConcRefinementThreads                  = 13                                        {product} {ergonomic}
   size_t G1HeapRegionSize                         = 4194304                                   {product} {ergonomic}
    uintx GCDrainStackTargetSize                   = 64                                        {product} {ergonomic}
   size_t InitialHeapSize                          = 1073741824                                {product} {ergonomic}
   size_t MarkStackSize                            = 4194304                                   {product} {ergonomic}
   size_t MaxHeapSize                              = 8589934592                                {product} {command line}
   size_t MaxNewSize                               = 5150605312                                {product} {ergonomic}
   size_t MinHeapDeltaBytes                        = 4194304                                   {product} {ergonomic}
   size_t MinHeapSize                              = 8388608                                   {product} {ergonomic}
    uintx NonNMethodCodeHeapSize                   = 10453100                               {pd product} {ergonomic}
    uintx NonProfiledCodeHeapSize                  = 120602570                              {pd product} {ergonomic}
    uintx ProfiledCodeHeapSize                     = 120602570                              {pd product} {ergonomic}
    uintx ReservedCodeCacheSize                    = 251658240                              {pd product} {ergonomic}
     bool SegmentedCodeCache                       = true                                      {product} {ergonomic}
   size_t SoftMaxHeapSize                          = 8589934592                             {manageable} {ergonomic}
     intx ThreadPriorityPolicy                     = 1                                         {product} {jimage}
     bool UseCompressedClassPointers               = true                           {product lp64_product} {ergonomic}
     bool UseCompressedOops                        = true                           {product lp64_product} {ergonomic}
     bool UseG1GC                                  = true                                      {product} {ergonomic}
     bool UseLargePagesIndividualAllocation        = false                                  {pd product} {ergonomic}

Logging:
Log output configuration:
 #0: stdout all=warning uptime,level,tags
 #1: stderr all=off uptime,level,tags

Environment Variables:
PATH=C:\Program Files (x86)\Common Files\Intel\Shared Libraries\redist\intel64\compiler;C:\Windows\system32;C:\Windows;C:\Windows\System32\Wbem;C:\Windows\System32\WindowsPowerShell\v1.0\;C:\Windows\System32\OpenSSH\;C:\Program Files (x86)\NVIDIA Corporation\PhysX\Common;D:\Program Files\TortoiseSVN\bin;D:\Program Files\nodejs\;C:\Program Files\Microsoft SQL Server\Client SDK\ODBC\170\Tools\Binn\;C:\Program Files\dotnet\;D:\Program Files\TortoiseGit\bin;D:\Program Files\Git\cmd;D:\Program Files\Git\mingw64\bin;D:\Program Files\Git\usr\bin;C:\Program Files\NVIDIA Corporation\NVIDIA app\NvDLISR;D:\programs\xftp\;C:\WINDOWS\system32;C:\WINDOWS;C:\WINDOWS\System32\Wbem;C:\WINDOWS\System32\WindowsPowerShell\v1.0\;C:\WINDOWS\System32\OpenSSH\;D:\programs\py3106\Scripts\;D:\programs\py3106\;C:\Users\wjj\AppData\Local\Microsoft\WindowsApps;C:\Users\wjj\AppData\Roaming\npm;C:\Users\wjj\.dotnet\tools;D:\ProgramData\Anaconda3\Scripts;D:\programs\softs\openjdk-17.0.1_windows-x64_bin\jdk-17.0.1\bin;D:\programs\w64devkit-1.19.0\w64devkit\bin;D:\programs\llvm-mingw-20230614-msvcrt-x86_64\llvm-mingw-20230614-msvcrt-x86_64\bin;
USERNAME=wjj
OS=Windows_NT
PROCESSOR_IDENTIFIER=AMD64 Family 25 Model 80 Stepping 0, AuthenticAMD



---------------  S Y S T E M  ---------------

OS:
 Windows 11 , 64 bit Build 22000 (10.0.22000.2538)
OS uptime: 30 days 12:24 hours

CPU: total 16 (initial active 16) (16 cores per cpu, 2 threads per core) family 25 model 80 stepping 0 microcode 0x0, cx8, cmov, fxsr, ht, mmx, 3dnowpref, sse, sse2, sse3, ssse3, sse4a, sse4.1, sse4.2, popcnt, lzcnt, tsc, tscinvbit, avx, avx2, aes, erms, clmul, bmi1, bmi2, adx, sha, fma, vzeroupper, clflush, clflushopt

Memory: 4k page, system-wide physical 65388M (27056M free)
TotalPageFile size 81772M (AvailPageFile size 5M)
current process WorkingSet (physical memory assigned to process): 857M, peak: 1125M
current process commit charge ("private bytes"): 976M, peak: 1581M

vm_info: Java HotSpot(TM) 64-Bit Server VM (17.0.10+11-LTS-jvmci-23.0-b27) for windows-amd64 JRE (17.0.10+11-LTS-jvmci-23.0-b27), built on Dec 20 2023 07:24:22 by "" with MS VC++ 17.1 (VS2022)

END.
